Deleting        [31mminishell[0m...
Deleting        [31mlibft librairy[0m...
make[1]: Entering directory '/mnt/nfs/homes/jremy/Desktop/Minishell/libft'
rm -f string/ft_isalpha.o string/ft_isdigit.o string/ft_isalnum.o string/ft_isascii.o string/ft_isprint.o string/ft_strlen.o mem/ft_memset.o mem/ft_bzero.o mem/ft_memcpy.o mem/ft_memmove.o string/ft_strlcpy.o string/ft_strlcat.o string/ft_tolower.o string/ft_toupper.o string/ft_strchr.o string/ft_strrchr.o string/ft_strncmp.o string/ft_strcmp.o mem/ft_memchr.o mem/ft_memcmp.o string/ft_strnstr.o stdlib/ft_atoi.o mem/ft_calloc.o string/ft_strdup.o string/ft_substr.o string/ft_strjoin.o string/ft_strtrim.o string/ft_split.o stdlib/ft_itoa.o string/ft_strmapi.o string/ft_striteri.o string/ft_free_split.o print/ft_putchar_fd.o print/ft_putstr_fd.o print/ft_putendl_fd.o print/ft_putnbr_fd.o gnl/get_next_line.o gnl/get_next_line_utils.o list/ft_lstnew.o list/ft_lstadd_front.o list/ft_lstsize.o list/ft_lstlast.o list/ft_lstadd_back.o list/ft_lstdelone.o list/ft_lstclear.o list/ft_lstiter.o list/ft_lstmap.o garbage_collector/free.o garbage_collector/malloc.o 
make[1]: Leaving directory '/mnt/nfs/homes/jremy/Desktop/Minishell/libft'
rm -f minishell
rm -f libft.a
make[1]: Entering directory '/mnt/nfs/homes/jremy/Desktop/Minishell/libft'
rm -f string/ft_isalpha.o string/ft_isdigit.o string/ft_isalnum.o string/ft_isascii.o string/ft_isprint.o string/ft_strlen.o mem/ft_memset.o mem/ft_bzero.o mem/ft_memcpy.o mem/ft_memmove.o string/ft_strlcpy.o string/ft_strlcat.o string/ft_tolower.o string/ft_toupper.o string/ft_strchr.o string/ft_strrchr.o string/ft_strncmp.o string/ft_strcmp.o mem/ft_memchr.o mem/ft_memcmp.o string/ft_strnstr.o stdlib/ft_atoi.o mem/ft_calloc.o string/ft_strdup.o string/ft_substr.o string/ft_strjoin.o string/ft_strtrim.o string/ft_split.o stdlib/ft_itoa.o string/ft_strmapi.o string/ft_striteri.o string/ft_free_split.o print/ft_putchar_fd.o print/ft_putstr_fd.o print/ft_putendl_fd.o print/ft_putnbr_fd.o gnl/get_next_line.o gnl/get_next_line_utils.o list/ft_lstnew.o list/ft_lstadd_front.o list/ft_lstsize.o list/ft_lstlast.o list/ft_lstadd_back.o list/ft_lstdelone.o list/ft_lstclear.o list/ft_lstiter.o list/ft_lstmap.o garbage_collector/free.o garbage_collector/malloc.o 
rm -f libft.a
make[1]: Leaving directory '/mnt/nfs/homes/jremy/Desktop/Minishell/libft'
mkdir -p objs/srcs/
Compiling       [33msrcs/minishell.c[0m...
mkdir -p objs/srcs/bin/pwd/
Compiling       [33msrcs/bin/pwd/pwd.c[0m...
mkdir -p objs/srcs/bin/echo/
Compiling       [33msrcs/bin/echo/echo.c[0m...
mkdir -p objs/srcs/bin/cd/
Compiling       [33msrcs/bin/cd/cd_utils.c[0m...
mkdir -p objs/srcs/bin/cd/
Compiling       [33msrcs/bin/cd/cd.c[0m...
mkdir -p objs/srcs/bin/env/
Compiling       [33msrcs/bin/env/env.c[0m...
mkdir -p objs/srcs/bin/export/
Compiling       [33msrcs/bin/export/export.c[0m...
mkdir -p objs/srcs/bin/export/
Compiling       [33msrcs/bin/export/export_utils.c[0m...
mkdir -p objs/srcs/bin/export/
Compiling       [33msrcs/bin/export/export_utils_2.c[0m...
mkdir -p objs/srcs/bin/export/
Compiling       [33msrcs/bin/export/export_printer.c[0m...
mkdir -p objs/srcs/bin/unset/
Compiling       [33msrcs/bin/unset/unset.c[0m...
mkdir -p objs/srcs/
Compiling       [33msrcs/signal.c[0m...
mkdir -p objs/srcs/
Compiling       [33msrcs/exit.c[0m...
mkdir -p objs/srcs/tokenizer/
Compiling       [33msrcs/tokenizer/tokenizer_utils.c[0m...
mkdir -p objs/srcs/tokenizer/
Compiling       [33msrcs/tokenizer/tokenizer_utils2.c[0m...
mkdir -p objs/srcs/lexer/
Compiling       [33msrcs/lexer/lexer.c[0m...
mkdir -p objs/srcs/tokenizer/
Compiling       [33msrcs/tokenizer/tokenizer.c[0m...
mkdir -p objs/srcs/syntax/
Compiling       [33msrcs/syntax/syntax_checker.c[0m...
mkdir -p objs/srcs/tree/
Compiling       [33msrcs/tree/create_tree.c[0m...
mkdir -p objs/srcs/tree/
Compiling       [33msrcs/tree/exec_tree.c[0m...
mkdir -p objs/srcs/exe/
Compiling       [33msrcs/exe/exe_childs.c[0m...
mkdir -p objs/srcs/exe/
Compiling       [33msrcs/exe/init_seq.c[0m...
mkdir -p objs/srcs/exe/
Compiling       [33msrcs/exe/create_cmd.c[0m...
mkdir -p objs/srcs/exe/
Compiling       [33msrcs/exe/create_redirect.c[0m...
mkdir -p objs/srcs/exe/
Compiling       [33msrcs/exe/launcher_forks.c[0m...
mkdir -p objs/srcs/exe/
Compiling       [33msrcs/exe/redirect.c[0m...
mkdir -p objs/srcs/exe/
Compiling       [33msrcs/exe/redirect_builtin.c[0m...
mkdir -p objs/srcs/here_doc/
Compiling       [33msrcs/here_doc/here_doc.c[0m...
mkdir -p objs/srcs/expand/
Compiling       [33msrcs/expand/expand.c[0m...
mkdir -p objs/srcs/expand/
Compiling       [33msrcs/expand/last_globe.c[0m...
mkdir -p objs/srcs/exe/
Compiling       [33msrcs/exe/exe.c[0m...
mkdir -p objs/srcs/
Compiling       [33msrcs/debug.c[0m...
mkdir -p objs/srcs/bin/exit/
Compiling       [33msrcs/bin/exit/exit.c[0m...
mkdir -p objs/srcs/expand/
Compiling       [33msrcs/expand/field_spliting.c[0m...
mkdir -p objs/srcs/expand/
Compiling       [33msrcs/expand/quote_remove.c[0m...
mkdir -p objs/srcs/
Compiling       [33msrcs/split_quote.c[0m...
Compiling       [36mlibft[0m...
Compiling       [35mminishell[0m...

[32m[Compilation done !][0m
